<?xml version="1.0" encoding="UTF-8"?>
<!-- Generated by org.testng.reporters.JUnitXMLReporter -->
<testsuite ignored="0" hostname="CHUTNEYYs-LAPTOP" failures="0" tests="4" name="Test" time="42.058" errors="0" timestamp="2025-01-09T00:25:54 IST">
  <testcase classname="testCases.TC3_LoginDDT" name="verifyLogin" time="3.161"/>
  <testcase classname="testCases.TC3_LoginDDT" name="verifyLogin" time="6.802"/>
  <testcase classname="testCases.TC3_LoginDDT" name="verifyLogin" time="6.866"/>
  <testcase classname="testCases.TC3_LoginDDT" name="verifyLogin" time="3.4"/>
</testsuite> <!-- Test -->
