<?xml version="1.0" encoding="UTF-8"?>
<testng-results ignored="0" total="1" passed="1" failed="0" skipped="0">
  <reporter-output>
  </reporter-output>
  <suite started-at="2024-12-29T12:31:39 IST" name="Suite" finished-at="2024-12-29T12:31:53 IST" duration-ms="14200">
    <groups>
    </groups>
    <test started-at="2024-12-29T12:31:39 IST" name="Test" finished-at="2024-12-29T12:31:53 IST" duration-ms="14200">
      <class name="testCases.TC1_AccountRegisteration">
        <test-method is-config="true" signature="setUp(java.lang.String)[pri:0, instance:testCases.TC1_AccountRegisteration@129b4fe2]" started-at="2024-12-29T12:31:39 IST" name="setUp" finished-at="2024-12-29T12:31:48 IST" duration-ms="8878" status="PASS">
          <params>
            <param index="0">
              <value>
                <![CDATA[chrome]]>
              </value>
            </param>
          </params>
          <reporter-output>
          </reporter-output>
        </test-method> <!-- setUp -->
        <test-method signature="validateReg()[pri:0, instance:testCases.TC1_AccountRegisteration@129b4fe2]" started-at="2024-12-29T12:31:48 IST" name="validateReg" finished-at="2024-12-29T12:31:53 IST" duration-ms="4963" status="PASS">
          <reporter-output>
          </reporter-output>
        </test-method> <!-- validateReg -->
        <test-method is-config="true" signature="tearDown()[pri:0, instance:testCases.TC1_AccountRegisteration@129b4fe2]" started-at="2024-12-29T12:31:53 IST" name="tearDown" finished-at="2024-12-29T12:31:53 IST" duration-ms="277" status="PASS">
          <reporter-output>
          </reporter-output>
        </test-method> <!-- tearDown -->
      </class> <!-- testCases.TC1_AccountRegisteration -->
    </test> <!-- Test -->
  </suite> <!-- Suite -->
</testng-results>
